The system is: Linux - 3.10.0-957.5.1.el7.x86_64 - x86_64
Compiling the Fortran compiler identification source file "CMakeFortranCompilerId.F" succeeded.
Compiler: /home/kmoore/miniconda/envs/pacc-env-mini/bin/x86_64-conda_cos6-linux-gnu-gfortran 
Build flags: -fopenmp;-march=nocona;-mtune=haswell;-ftree-vectorize;-fPIC;-fstack-protector-strong;-fno-plt;-O2;-ffunction-sections;-pipe
Id flags: -v 

The output was:
0
Driving: /home/kmoore/miniconda/envs/pacc-env-mini/bin/x86_64-conda_cos6-linux-gnu-gfortran.bin -specs=/home/kmoore/miniconda/envs/pacc-env-mini/bin/../lib/gcc/x86_64-conda_cos6-linux-gnu/7.3.0/specs -fopenmp -march=nocona -mtune=haswell -ftree-vectorize -fPIC -fstack-protector-strong -fno-plt -O2 -ffunction-sections -pipe -v CMakeFortranCompilerId.F -l gfortran -l m -shared-libgcc
Reading specs from /blues/gpfs/home/kmoore/miniconda/envs/pacc-env-mini/bin/../lib/gcc/x86_64-conda_cos6-linux-gnu/7.3.0/specs
Reading specs from /home/kmoore/miniconda/envs/pacc-env-mini/bin/../lib/gcc/x86_64-conda_cos6-linux-gnu/7.3.0/specs
COLLECT_GCC=/home/kmoore/miniconda/envs/pacc-env-mini/bin/x86_64-conda_cos6-linux-gnu-gfortran.bin
COLLECT_LTO_WRAPPER=/blues/gpfs/home/kmoore/miniconda/envs/pacc-env-mini/bin/../libexec/gcc/x86_64-conda_cos6-linux-gnu/7.3.0/lto-wrapper
Target: x86_64-conda_cos6-linux-gnu
Configured with: /home/rdonnelly/mc/conda-bld/compilers_linux-64_1534865402226/work/.build/x86_64-conda_cos6-linux-gnu/src/gcc/configure --build=x86_64-build_pc-linux-gnu --host=x86_64-build_pc-linux-gnu --target=x86_64-conda_cos6-linux-gnu --prefix=/home/rdonnelly/mc/conda-bld/compilers_linux-64_1534865402226/work/gcc_built --with-sysroot=/home/rdonnelly/mc/conda-bld/compilers_linux-64_1534865402226/work/gcc_built/x86_64-conda_cos6-linux-gnu/sysroot --enable-languages=c,c++,fortran,objc,obj-c++ --with-pkgversion='crosstool-NG 1.23.0.449-a04d0' --enable-__cxa_atexit --disable-libmudflap --enable-libgomp --disable-libssp --enable-libquadmath --enable-libquadmath-support --enable-libsanitizer --enable-libmpx --with-gmp=/home/rdonnelly/mc/conda-bld/compilers_linux-64_1534865402226/work/.build/x86_64-conda_cos6-linux-gnu/buildtools --with-mpfr=/home/rdonnelly/mc/conda-bld/compilers_linux-64_1534865402226/work/.build/x86_64-conda_cos6-linux-gnu/buildtools --with-mpc=/home/rdonnelly/mc/conda-bld/compilers_linux-64_1534865402226/work/.build/x86_64-conda_cos6-linux-gnu/buildtools --with-isl=/home/rdonnelly/mc/conda-bld/compilers_linux-64_1534865402226/work/.build/x86_64-conda_cos6-linux-gnu/buildtools --enable-lto --enable-threads=posix --enable-target-optspace --enable-plugin --enable-gold --disable-nls --disable-multilib --with-local-prefix=/home/rdonnelly/mc/conda-bld/compilers_linux-64_1534865402226/work/gcc_built/x86_64-conda_cos6-linux-gnu/sysroot --enable-long-long --enable-default-pie
Thread model: posix
gcc version 7.3.0 (crosstool-NG 1.23.0.449-a04d0) 
COLLECT_GCC_OPTIONS='-specs=/home/kmoore/miniconda/envs/pacc-env-mini/bin/../lib/gcc/x86_64-conda_cos6-linux-gnu/7.3.0/specs' '-fopenmp' '-march=nocona' '-mtune=haswell' '-ftree-vectorize' '-fPIC' '-fstack-protector-strong' '-fno-plt' '-O2' '-ffunction-sections' '-pipe' '-v' '-shared-libgcc' '-pthread'
 /blues/gpfs/home/kmoore/miniconda/envs/pacc-env-mini/bin/../libexec/gcc/x86_64-conda_cos6-linux-gnu/7.3.0/f951 CMakeFortranCompilerId.F -ffixed-form -cpp=/scratch/cccjPIEM.f90 -quiet -v -iprefix /blues/gpfs/home/kmoore/miniconda/envs/pacc-env-mini/bin/../lib/gcc/x86_64-conda_cos6-linux-gnu/7.3.0/ -isysroot /blues/gpfs/home/kmoore/miniconda/envs/pacc-env-mini/bin/../x86_64-conda_cos6-linux-gnu/sysroot -D_REENTRANT CMakeFortranCompilerId.F -quiet -dumpbase CMakeFortranCompilerId.F -march=nocona -mtune=haswell -auxbase CMakeFortranCompilerId -O2 -version -fopenmp -ftree-vectorize -fPIC -fstack-protector-strong -fno-plt -ffunction-sections -fintrinsic-modules-path /blues/gpfs/home/kmoore/miniconda/envs/pacc-env-mini/bin/../lib/gcc/x86_64-conda_cos6-linux-gnu/7.3.0/finclude -o - |
 /blues/gpfs/home/kmoore/miniconda/envs/pacc-env-mini/bin/../lib/gcc/x86_64-conda_cos6-linux-gnu/7.3.0/../../../../x86_64-conda_cos6-linux-gnu/bin/as -v --64 -o /scratch/cc0Bk27e.o
GNU assembler version 2.31.1 (x86_64-conda_cos6-linux-gnu) using BFD version (crosstool-NG 1.23.0.444-4ea7) 2.31.1
GNU Fortran (crosstool-NG 1.23.0.449-a04d0) version 7.3.0 (x86_64-conda_cos6-linux-gnu)
	compiled by GNU C version 4.4.7 20120313 (Red Hat 4.4.7-18), GMP version 6.1.2, MPFR version 4.0.1, MPC version 1.1.0, isl version isl-0.19-GMP

GGC heuristics: --param ggc-min-expand=100 --param ggc-min-heapsize=131072
ignoring duplicate directory "/blues/gpfs/home/kmoore/miniconda/envs/pacc-env-mini/bin/../lib/gcc/../../lib/gcc/x86_64-conda_cos6-linux-gnu/7.3.0/include"
ignoring nonexistent directory "/blues/gpfs/home/kmoore/miniconda/envs/pacc-env-mini/bin/../x86_64-conda_cos6-linux-gnu/sysroot/home/rdonnelly/mc/conda-bld/compilers_linux-64_1534865402226/work/gcc_built/x86_64-conda_cos6-linux-gnu/sysroot/include"
ignoring duplicate directory "/blues/gpfs/home/kmoore/miniconda/envs/pacc-env-mini/bin/../lib/gcc/../../lib/gcc/x86_64-conda_cos6-linux-gnu/7.3.0/include-fixed"
ignoring duplicate directory "/blues/gpfs/home/kmoore/miniconda/envs/pacc-env-mini/bin/../lib/gcc/../../lib/gcc/x86_64-conda_cos6-linux-gnu/7.3.0/../../../../x86_64-conda_cos6-linux-gnu/include"
#include "..." search starts here:
#include <...> search starts here:
 /blues/gpfs/home/kmoore/miniconda/envs/pacc-env-mini/bin/../lib/gcc/x86_64-conda_cos6-linux-gnu/7.3.0/finclude
 /blues/gpfs/home/software/spack-0.10.1/opt/spack/linux-centos7-x86_64/intel-17.0.4/intel-mkl-2017.3.196-v7uuj6zmthzln35n2hb7i5u5ybncv5ev/compilers_and_libraries_2017.4.196/linux/mkl/include
 /blues/gpfs/home/software/spack-0.10.1/opt/spack/linux-centos7-x86_64/gcc-4.8.5/intel-17.0.4-74uvhjiulyqgvsmywifbbuo46v5n42xc/tbb/include
 /blues/gpfs/home/kmoore/miniconda/envs/pacc-env-mini/bin/../lib/gcc/x86_64-conda_cos6-linux-gnu/7.3.0/include
 /blues/gpfs/home/kmoore/miniconda/envs/pacc-env-mini/bin/../lib/gcc/x86_64-conda_cos6-linux-gnu/7.3.0/include-fixed
 /blues/gpfs/home/kmoore/miniconda/envs/pacc-env-mini/bin/../lib/gcc/x86_64-conda_cos6-linux-gnu/7.3.0/../../../../x86_64-conda_cos6-linux-gnu/include
 /blues/gpfs/home/kmoore/miniconda/envs/pacc-env-mini/bin/../x86_64-conda_cos6-linux-gnu/sysroot/usr/include
End of search list.
GNU Fortran2008 (crosstool-NG 1.23.0.449-a04d0) version 7.3.0 (x86_64-conda_cos6-linux-gnu)
	compiled by GNU C version 4.4.7 20120313 (Red Hat 4.4.7-18), GMP version 6.1.2, MPFR version 4.0.1, MPC version 1.1.0, isl version isl-0.19-GMP

GGC heuristics: --param ggc-min-expand=100 --param ggc-min-heapsize=131072
Reading specs from /blues/gpfs/home/kmoore/miniconda/envs/pacc-env-mini/bin/../x86_64-conda_cos6-linux-gnu/sysroot/lib/../lib/libgfortran.spec
rename spec lib to liborig
COLLECT_GCC_OPTIONS='-specs=/home/kmoore/miniconda/envs/pacc-env-mini/bin/../lib/gcc/x86_64-conda_cos6-linux-gnu/7.3.0/specs' '-fopenmp' '-march=nocona' '-mtune=haswell' '-ftree-vectorize' '-fPIC' '-fstack-protector-strong' '-fno-plt' '-O2' '-ffunction-sections' '-pipe' '-v' '-shared-libgcc' '-pthread'
COMPILER_PATH=/blues/gpfs/home/kmoore/miniconda/envs/pacc-env-mini/bin/../libexec/gcc/x86_64-conda_cos6-linux-gnu/7.3.0/:/blues/gpfs/home/kmoore/miniconda/envs/pacc-env-mini/bin/../libexec/gcc/:/blues/gpfs/home/kmoore/miniconda/envs/pacc-env-mini/bin/../lib/gcc/x86_64-conda_cos6-linux-gnu/7.3.0/../../../../x86_64-conda_cos6-linux-gnu/bin/
LIBRARY_PATH=/blues/gpfs/home/kmoore/miniconda/envs/pacc-env-mini/bin/../lib/gcc/x86_64-conda_cos6-linux-gnu/7.3.0/:/blues/gpfs/home/kmoore/miniconda/envs/pacc-env-mini/bin/../lib/gcc/:/blues/gpfs/home/kmoore/miniconda/envs/pacc-env-mini/bin/../lib/gcc/x86_64-conda_cos6-linux-gnu/7.3.0/../../../../x86_64-conda_cos6-linux-gnu/lib/../lib/:/blues/gpfs/home/kmoore/miniconda/envs/pacc-env-mini/bin/../x86_64-conda_cos6-linux-gnu/sysroot/lib/../lib/:/blues/gpfs/home/kmoore/miniconda/envs/pacc-env-mini/bin/../x86_64-conda_cos6-linux-gnu/sysroot/usr/lib/../lib/:/blues/gpfs/home/kmoore/miniconda/envs/pacc-env-mini/bin/../lib/gcc/x86_64-conda_cos6-linux-gnu/7.3.0/../../../../x86_64-conda_cos6-linux-gnu/lib/:/blues/gpfs/home/kmoore/miniconda/envs/pacc-env-mini/bin/../x86_64-conda_cos6-linux-gnu/sysroot/lib/:/blues/gpfs/home/kmoore/miniconda/envs/pacc-env-mini/bin/../x86_64-conda_cos6-linux-gnu/sysroot/usr/lib/
Reading specs from /blues/gpfs/home/kmoore/miniconda/envs/pacc-env-mini/bin/../lib/gcc/x86_64-conda_cos6-linux-gnu/7.3.0/../../../../x86_64-conda_cos6-linux-gnu/lib/../lib/libgomp.spec
COLLECT_GCC_OPTIONS='-specs=/home/kmoore/miniconda/envs/pacc-env-mini/bin/../lib/gcc/x86_64-conda_cos6-linux-gnu/7.3.0/specs' '-fopenmp' '-march=nocona' '-mtune=haswell' '-ftree-vectorize' '-fPIC' '-fstack-protector-strong' '-fno-plt' '-O2' '-ffunction-sections' '-pipe' '-v' '-shared-libgcc' '-pthread'
 /blues/gpfs/home/kmoore/miniconda/envs/pacc-env-mini/bin/../libexec/gcc/x86_64-conda_cos6-linux-gnu/7.3.0/collect2 -plugin /blues/gpfs/home/kmoore/miniconda/envs/pacc-env-mini/bin/../libexec/gcc/x86_64-conda_cos6-linux-gnu/7.3.0/liblto_plugin.so -plugin-opt=/blues/gpfs/home/kmoore/miniconda/envs/pacc-env-mini/bin/../libexec/gcc/x86_64-conda_cos6-linux-gnu/7.3.0/lto-wrapper -plugin-opt=-fresolution=/scratch/ccuOpUrL.res -plugin-opt=-pass-through=-lgcc_s -plugin-opt=-pass-through=-lgcc -plugin-opt=-pass-through=-lquadmath -plugin-opt=-pass-through=-lm -plugin-opt=-pass-through=-lgcc_s -plugin-opt=-pass-through=-lgcc -plugin-opt=-pass-through=-lpthread -plugin-opt=-pass-through=-lc -plugin-opt=-pass-through=-lgcc_s -plugin-opt=-pass-through=-lgcc --eh-frame-hdr -m elf_x86_64 -dynamic-linker /lib64/ld-linux-x86-64.so.2 -pie /blues/gpfs/home/kmoore/miniconda/envs/pacc-env-mini/bin/../x86_64-conda_cos6-linux-gnu/sysroot/usr/lib/../lib/Scrt1.o /blues/gpfs/home/kmoore/miniconda/envs/pacc-env-mini/bin/../x86_64-conda_cos6-linux-gnu/sysroot/usr/lib/../lib/crti.o /blues/gpfs/home/kmoore/miniconda/envs/pacc-env-mini/bin/../lib/gcc/x86_64-conda_cos6-linux-gnu/7.3.0/crtbeginS.o -L/blues/gpfs/home/kmoore/miniconda/envs/pacc-env-mini/bin/../lib/gcc/x86_64-conda_cos6-linux-gnu/7.3.0 -L/blues/gpfs/home/kmoore/miniconda/envs/pacc-env-mini/bin/../lib/gcc -L/blues/gpfs/home/kmoore/miniconda/envs/pacc-env-mini/bin/../lib/gcc/x86_64-conda_cos6-linux-gnu/7.3.0/../../../../x86_64-conda_cos6-linux-gnu/lib/../lib -L/blues/gpfs/home/kmoore/miniconda/envs/pacc-env-mini/bin/../x86_64-conda_cos6-linux-gnu/sysroot/lib/../lib -L/blues/gpfs/home/kmoore/miniconda/envs/pacc-env-mini/bin/../x86_64-conda_cos6-linux-gnu/sysroot/usr/lib/../lib -L/blues/gpfs/home/kmoore/miniconda/envs/pacc-env-mini/bin/../lib/gcc/x86_64-conda_cos6-linux-gnu/7.3.0/../../../../x86_64-conda_cos6-linux-gnu/lib -L/blues/gpfs/home/kmoore/miniconda/envs/pacc-env-mini/bin/../x86_64-conda_cos6-linux-gnu/sysroot/lib -L/blues/gpfs/home/kmoore/miniconda/envs/pacc-env-mini/bin/../x86_64-conda_cos6-linux-gnu/sysroot/usr/lib -rpath /home/kmoore/miniconda/envs/pacc-env-mini/lib /scratch/cc0Bk27e.o -lgfortran -lm -lgomp -lgcc_s -lgcc -lquadmath -lm -lgcc_s -lgcc -lpthread -lc -lgcc_s -lgcc /blues/gpfs/home/kmoore/miniconda/envs/pacc-env-mini/bin/../lib/gcc/x86_64-conda_cos6-linux-gnu/7.3.0/crtendS.o /blues/gpfs/home/kmoore/miniconda/envs/pacc-env-mini/bin/../x86_64-conda_cos6-linux-gnu/sysroot/usr/lib/../lib/crtn.o
COLLECT_GCC_OPTIONS='-specs=/home/kmoore/miniconda/envs/pacc-env-mini/bin/../lib/gcc/x86_64-conda_cos6-linux-gnu/7.3.0/specs' '-fopenmp' '-march=nocona' '-mtune=haswell' '-ftree-vectorize' '-fPIC' '-fstack-protector-strong' '-fno-plt' '-O2' '-ffunction-sections' '-pipe' '-v' '-shared-libgcc' '-pthread'


Compilation of the Fortran compiler identification source "CMakeFortranCompilerId.F" produced "a.out"

The Fortran compiler identification is GNU, found in "/lcrc/project/CMRP/pacc/OneDMin/build/CMakeFiles/3.14.5/CompilerIdFortran/a.out"

Determining if the Fortran compiler works passed with the following output:
Change Dir: /lcrc/project/CMRP/pacc/OneDMin/build/CMakeFiles/CMakeTmp

Run Build Command(s):/usr/bin/gmake cmTC_a0d2c/fast 
/usr/bin/gmake -f CMakeFiles/cmTC_a0d2c.dir/build.make CMakeFiles/cmTC_a0d2c.dir/build
gmake[1]: Entering directory `/lcrc/project/CMRP/pacc/OneDMin/build/CMakeFiles/CMakeTmp'
Building Fortran object CMakeFiles/cmTC_a0d2c.dir/testFortranCompiler.f.o
/home/kmoore/miniconda/envs/pacc-env-mini/bin/x86_64-conda_cos6-linux-gnu-gfortran   -fopenmp -march=nocona -mtune=haswell -ftree-vectorize -fPIC -fstack-protector-strong -fno-plt -O2 -ffunction-sections -pipe    -c /lcrc/project/CMRP/pacc/OneDMin/build/CMakeFiles/CMakeTmp/testFortranCompiler.f -o CMakeFiles/cmTC_a0d2c.dir/testFortranCompiler.f.o
Linking Fortran executable cmTC_a0d2c
/blues/gpfs/home/kmoore/miniconda/envs/pacc-env-mini/bin/cmake -E cmake_link_script CMakeFiles/cmTC_a0d2c.dir/link.txt --verbose=1
/home/kmoore/miniconda/envs/pacc-env-mini/bin/x86_64-conda_cos6-linux-gnu-gfortran  -Wl,-O2 -Wl,--sort-common -Wl,--as-needed -Wl,-z,relro -Wl,-z,now -Wl,--disable-new-dtags -Wl,--gc-sections  -fopenmp -march=nocona -mtune=haswell -ftree-vectorize -fPIC -fstack-protector-strong -fno-plt -O2 -ffunction-sections -pipe  CMakeFiles/cmTC_a0d2c.dir/testFortranCompiler.f.o  -o cmTC_a0d2c 
gmake[1]: Leaving directory `/lcrc/project/CMRP/pacc/OneDMin/build/CMakeFiles/CMakeTmp'


Detecting Fortran compiler ABI info compiled with the following output:
Change Dir: /lcrc/project/CMRP/pacc/OneDMin/build/CMakeFiles/CMakeTmp

Run Build Command(s):/usr/bin/gmake cmTC_7533a/fast 
/usr/bin/gmake -f CMakeFiles/cmTC_7533a.dir/build.make CMakeFiles/cmTC_7533a.dir/build
gmake[1]: Entering directory `/lcrc/project/CMRP/pacc/OneDMin/build/CMakeFiles/CMakeTmp'
Building Fortran object CMakeFiles/cmTC_7533a.dir/CMakeFortranCompilerABI.F.o
/home/kmoore/miniconda/envs/pacc-env-mini/bin/x86_64-conda_cos6-linux-gnu-gfortran   -fopenmp -march=nocona -mtune=haswell -ftree-vectorize -fPIC -fstack-protector-strong -fno-plt -O2 -ffunction-sections -pipe    -v -c /blues/gpfs/home/kmoore/miniconda/envs/pacc-env-mini/share/cmake-3.14/Modules/CMakeFortranCompilerABI.F -o CMakeFiles/cmTC_7533a.dir/CMakeFortranCompilerABI.F.o
Reading specs from /blues/gpfs/home/kmoore/miniconda/envs/pacc-env-mini/bin/../lib/gcc/x86_64-conda_cos6-linux-gnu/7.3.0/specs
Reading specs from /home/kmoore/miniconda/envs/pacc-env-mini/bin/../lib/gcc/x86_64-conda_cos6-linux-gnu/7.3.0/specs
COLLECT_GCC=/home/kmoore/miniconda/envs/pacc-env-mini/bin/x86_64-conda_cos6-linux-gnu-gfortran.bin
Target: x86_64-conda_cos6-linux-gnu
Configured with: /home/rdonnelly/mc/conda-bld/compilers_linux-64_1534865402226/work/.build/x86_64-conda_cos6-linux-gnu/src/gcc/configure --build=x86_64-build_pc-linux-gnu --host=x86_64-build_pc-linux-gnu --target=x86_64-conda_cos6-linux-gnu --prefix=/home/rdonnelly/mc/conda-bld/compilers_linux-64_1534865402226/work/gcc_built --with-sysroot=/home/rdonnelly/mc/conda-bld/compilers_linux-64_1534865402226/work/gcc_built/x86_64-conda_cos6-linux-gnu/sysroot --enable-languages=c,c++,fortran,objc,obj-c++ --with-pkgversion='crosstool-NG 1.23.0.449-a04d0' --enable-__cxa_atexit --disable-libmudflap --enable-libgomp --disable-libssp --enable-libquadmath --enable-libquadmath-support --enable-libsanitizer --enable-libmpx --with-gmp=/home/rdonnelly/mc/conda-bld/compilers_linux-64_1534865402226/work/.build/x86_64-conda_cos6-linux-gnu/buildtools --with-mpfr=/home/rdonnelly/mc/conda-bld/compilers_linux-64_1534865402226/work/.build/x86_64-conda_cos6-linux-gnu/buildtools --with-mpc=/home/rdonnelly/mc/conda-bld/compilers_linux-64_1534865402226/work/.build/x86_64-conda_cos6-linux-gnu/buildtools --with-isl=/home/rdonnelly/mc/conda-bld/compilers_linux-64_1534865402226/work/.build/x86_64-conda_cos6-linux-gnu/buildtools --enable-lto --enable-threads=posix --enable-target-optspace --enable-plugin --enable-gold --disable-nls --disable-multilib --with-local-prefix=/home/rdonnelly/mc/conda-bld/compilers_linux-64_1534865402226/work/gcc_built/x86_64-conda_cos6-linux-gnu/sysroot --enable-long-long --enable-default-pie
Thread model: posix
gcc version 7.3.0 (crosstool-NG 1.23.0.449-a04d0) 
COLLECT_GCC_OPTIONS='-specs=/home/kmoore/miniconda/envs/pacc-env-mini/bin/../lib/gcc/x86_64-conda_cos6-linux-gnu/7.3.0/specs' '-fopenmp' '-march=nocona' '-mtune=haswell' '-ftree-vectorize' '-fPIC' '-fstack-protector-strong' '-fno-plt' '-O2' '-ffunction-sections' '-pipe' '-v' '-c' '-o' 'CMakeFiles/cmTC_7533a.dir/CMakeFortranCompilerABI.F.o' '-pthread'
 /blues/gpfs/home/kmoore/miniconda/envs/pacc-env-mini/bin/../libexec/gcc/x86_64-conda_cos6-linux-gnu/7.3.0/f951 /blues/gpfs/home/kmoore/miniconda/envs/pacc-env-mini/share/cmake-3.14/Modules/CMakeFortranCompilerABI.F -ffixed-form -cpp=/scratch/ccHDipaA.f90 -quiet -v -iprefix /blues/gpfs/home/kmoore/miniconda/envs/pacc-env-mini/bin/../lib/gcc/x86_64-conda_cos6-linux-gnu/7.3.0/ -isysroot /blues/gpfs/home/kmoore/miniconda/envs/pacc-env-mini/bin/../x86_64-conda_cos6-linux-gnu/sysroot -D_REENTRANT /blues/gpfs/home/kmoore/miniconda/envs/pacc-env-mini/share/cmake-3.14/Modules/CMakeFortranCompilerABI.F -quiet -dumpbase CMakeFortranCompilerABI.F -march=nocona -mtune=haswell -auxbase-strip CMakeFiles/cmTC_7533a.dir/CMakeFortranCompilerABI.F.o -O2 -version -fopenmp -ftree-vectorize -fPIC -fstack-protector-strong -fno-plt -ffunction-sections -fintrinsic-modules-path /blues/gpfs/home/kmoore/miniconda/envs/pacc-env-mini/bin/../lib/gcc/x86_64-conda_cos6-linux-gnu/7.3.0/finclude -o - |
 /blues/gpfs/home/kmoore/miniconda/envs/pacc-env-mini/bin/../lib/gcc/x86_64-conda_cos6-linux-gnu/7.3.0/../../../../x86_64-conda_cos6-linux-gnu/bin/as -v --64 -o CMakeFiles/cmTC_7533a.dir/CMakeFortranCompilerABI.F.o
GNU Fortran (crosstool-NG 1.23.0.449-a04d0) version 7.3.0 (x86_64-conda_cos6-linux-gnu)
	compiled by GNU C version 4.4.7 20120313 (Red Hat 4.4.7-18), GMP version 6.1.2, MPFR version 4.0.1, MPC version 1.1.0, isl version isl-0.19-GMP

GGC heuristics: --param ggc-min-expand=100 --param ggc-min-heapsize=131072
ignoring duplicate directory "/blues/gpfs/home/kmoore/miniconda/envs/pacc-env-mini/bin/../lib/gcc/../../lib/gcc/x86_64-conda_cos6-linux-gnu/7.3.0/include"
ignoring nonexistent directory "/blues/gpfs/home/kmoore/miniconda/envs/pacc-env-mini/bin/../x86_64-conda_cos6-linux-gnu/sysroot/home/rdonnelly/mc/conda-bld/compilers_linux-64_1534865402226/work/gcc_built/x86_64-conda_cos6-linux-gnu/sysroot/include"
ignoring duplicate directory "/blues/gpfs/home/kmoore/miniconda/envs/pacc-env-mini/bin/../lib/gcc/../../lib/gcc/x86_64-conda_cos6-linux-gnu/7.3.0/include-fixed"
ignoring duplicate directory "/blues/gpfs/home/kmoore/miniconda/envs/pacc-env-mini/bin/../lib/gcc/../../lib/gcc/x86_64-conda_cos6-linux-gnu/7.3.0/../../../../x86_64-conda_cos6-linux-gnu/include"
#include "..." search starts here:
#include <...> search starts here:
 /blues/gpfs/home/kmoore/miniconda/envs/pacc-env-mini/bin/../lib/gcc/x86_64-conda_cos6-linux-gnu/7.3.0/finclude
 /blues/gpfs/home/software/spack-0.10.1/opt/spack/linux-centos7-x86_64/intel-17.0.4/intel-mkl-2017.3.196-v7uuj6zmthzln35n2hb7i5u5ybncv5ev/compilers_and_libraries_2017.4.196/linux/mkl/include
 /blues/gpfs/home/software/spack-0.10.1/opt/spack/linux-centos7-x86_64/gcc-4.8.5/intel-17.0.4-74uvhjiulyqgvsmywifbbuo46v5n42xc/tbb/include
 /blues/gpfs/home/kmoore/miniconda/envs/pacc-env-mini/bin/../lib/gcc/x86_64-conda_cos6-linux-gnu/7.3.0/include
 /blues/gpfs/home/kmoore/miniconda/envs/pacc-env-mini/bin/../lib/gcc/x86_64-conda_cos6-linux-gnu/7.3.0/include-fixed
 /blues/gpfs/home/kmoore/miniconda/envs/pacc-env-mini/bin/../lib/gcc/x86_64-conda_cos6-linux-gnu/7.3.0/../../../../x86_64-conda_cos6-linux-gnu/include
 /blues/gpfs/home/kmoore/miniconda/envs/pacc-env-mini/bin/../x86_64-conda_cos6-linux-gnu/sysroot/usr/include
End of search list.
GNU Fortran2008 (crosstool-NG 1.23.0.449-a04d0) version 7.3.0 (x86_64-conda_cos6-linux-gnu)
	compiled by GNU C version 4.4.7 20120313 (Red Hat 4.4.7-18), GMP version 6.1.2, MPFR version 4.0.1, MPC version 1.1.0, isl version isl-0.19-GMP

GGC heuristics: --param ggc-min-expand=100 --param ggc-min-heapsize=131072
GNU assembler version 2.31.1 (x86_64-conda_cos6-linux-gnu) using BFD version (crosstool-NG 1.23.0.444-4ea7) 2.31.1
COMPILER_PATH=/blues/gpfs/home/kmoore/miniconda/envs/pacc-env-mini/bin/../libexec/gcc/x86_64-conda_cos6-linux-gnu/7.3.0/:/blues/gpfs/home/kmoore/miniconda/envs/pacc-env-mini/bin/../libexec/gcc/:/blues/gpfs/home/kmoore/miniconda/envs/pacc-env-mini/bin/../lib/gcc/x86_64-conda_cos6-linux-gnu/7.3.0/../../../../x86_64-conda_cos6-linux-gnu/bin/
LIBRARY_PATH=/blues/gpfs/home/kmoore/miniconda/envs/pacc-env-mini/bin/../lib/gcc/x86_64-conda_cos6-linux-gnu/7.3.0/:/blues/gpfs/home/kmoore/miniconda/envs/pacc-env-mini/bin/../lib/gcc/:/blues/gpfs/home/kmoore/miniconda/envs/pacc-env-mini/bin/../lib/gcc/x86_64-conda_cos6-linux-gnu/7.3.0/../../../../x86_64-conda_cos6-linux-gnu/lib/../lib/:/blues/gpfs/home/kmoore/miniconda/envs/pacc-env-mini/bin/../x86_64-conda_cos6-linux-gnu/sysroot/lib/../lib/:/blues/gpfs/home/kmoore/miniconda/envs/pacc-env-mini/bin/../x86_64-conda_cos6-linux-gnu/sysroot/usr/lib/../lib/:/blues/gpfs/home/kmoore/miniconda/envs/pacc-env-mini/bin/../lib/gcc/x86_64-conda_cos6-linux-gnu/7.3.0/../../../../x86_64-conda_cos6-linux-gnu/lib/:/blues/gpfs/home/kmoore/miniconda/envs/pacc-env-mini/bin/../x86_64-conda_cos6-linux-gnu/sysroot/lib/:/blues/gpfs/home/kmoore/miniconda/envs/pacc-env-mini/bin/../x86_64-conda_cos6-linux-gnu/sysroot/usr/lib/
COLLECT_GCC_OPTIONS='-specs=/home/kmoore/miniconda/envs/pacc-env-mini/bin/../lib/gcc/x86_64-conda_cos6-linux-gnu/7.3.0/specs' '-fopenmp' '-march=nocona' '-mtune=haswell' '-ftree-vectorize' '-fPIC' '-fstack-protector-strong' '-fno-plt' '-O2' '-ffunction-sections' '-pipe' '-v' '-c' '-o' 'CMakeFiles/cmTC_7533a.dir/CMakeFortranCompilerABI.F.o' '-pthread'
Linking Fortran executable cmTC_7533a
/blues/gpfs/home/kmoore/miniconda/envs/pacc-env-mini/bin/cmake -E cmake_link_script CMakeFiles/cmTC_7533a.dir/link.txt --verbose=1
/home/kmoore/miniconda/envs/pacc-env-mini/bin/x86_64-conda_cos6-linux-gnu-gfortran  -Wl,-O2 -Wl,--sort-common -Wl,--as-needed -Wl,-z,relro -Wl,-z,now -Wl,--disable-new-dtags -Wl,--gc-sections -v -fopenmp -march=nocona -mtune=haswell -ftree-vectorize -fPIC -fstack-protector-strong -fno-plt -O2 -ffunction-sections -pipe  CMakeFiles/cmTC_7533a.dir/CMakeFortranCompilerABI.F.o  -o cmTC_7533a 
Driving: /home/kmoore/miniconda/envs/pacc-env-mini/bin/x86_64-conda_cos6-linux-gnu-gfortran.bin -specs=/home/kmoore/miniconda/envs/pacc-env-mini/bin/../lib/gcc/x86_64-conda_cos6-linux-gnu/7.3.0/specs -Wl,-O2 -Wl,--sort-common -Wl,--as-needed -Wl,-z,relro -Wl,-z,now -Wl,--disable-new-dtags -Wl,--gc-sections -v -fopenmp -march=nocona -mtune=haswell -ftree-vectorize -fPIC -fstack-protector-strong -fno-plt -O2 -ffunction-sections -pipe CMakeFiles/cmTC_7533a.dir/CMakeFortranCompilerABI.F.o -o cmTC_7533a -l gfortran -l m -shared-libgcc
Reading specs from /blues/gpfs/home/kmoore/miniconda/envs/pacc-env-mini/bin/../lib/gcc/x86_64-conda_cos6-linux-gnu/7.3.0/specs
Reading specs from /home/kmoore/miniconda/envs/pacc-env-mini/bin/../lib/gcc/x86_64-conda_cos6-linux-gnu/7.3.0/specs
COLLECT_GCC=/home/kmoore/miniconda/envs/pacc-env-mini/bin/x86_64-conda_cos6-linux-gnu-gfortran.bin
COLLECT_LTO_WRAPPER=/blues/gpfs/home/kmoore/miniconda/envs/pacc-env-mini/bin/../libexec/gcc/x86_64-conda_cos6-linux-gnu/7.3.0/lto-wrapper
Target: x86_64-conda_cos6-linux-gnu
Configured with: /home/rdonnelly/mc/conda-bld/compilers_linux-64_1534865402226/work/.build/x86_64-conda_cos6-linux-gnu/src/gcc/configure --build=x86_64-build_pc-linux-gnu --host=x86_64-build_pc-linux-gnu --target=x86_64-conda_cos6-linux-gnu --prefix=/home/rdonnelly/mc/conda-bld/compilers_linux-64_1534865402226/work/gcc_built --with-sysroot=/home/rdonnelly/mc/conda-bld/compilers_linux-64_1534865402226/work/gcc_built/x86_64-conda_cos6-linux-gnu/sysroot --enable-languages=c,c++,fortran,objc,obj-c++ --with-pkgversion='crosstool-NG 1.23.0.449-a04d0' --enable-__cxa_atexit --disable-libmudflap --enable-libgomp --disable-libssp --enable-libquadmath --enable-libquadmath-support --enable-libsanitizer --enable-libmpx --with-gmp=/home/rdonnelly/mc/conda-bld/compilers_linux-64_1534865402226/work/.build/x86_64-conda_cos6-linux-gnu/buildtools --with-mpfr=/home/rdonnelly/mc/conda-bld/compilers_linux-64_1534865402226/work/.build/x86_64-conda_cos6-linux-gnu/buildtools --with-mpc=/home/rdonnelly/mc/conda-bld/compilers_linux-64_1534865402226/work/.build/x86_64-conda_cos6-linux-gnu/buildtools --with-isl=/home/rdonnelly/mc/conda-bld/compilers_linux-64_1534865402226/work/.build/x86_64-conda_cos6-linux-gnu/buildtools --enable-lto --enable-threads=posix --enable-target-optspace --enable-plugin --enable-gold --disable-nls --disable-multilib --with-local-prefix=/home/rdonnelly/mc/conda-bld/compilers_linux-64_1534865402226/work/gcc_built/x86_64-conda_cos6-linux-gnu/sysroot --enable-long-long --enable-default-pie
Thread model: posix
gcc version 7.3.0 (crosstool-NG 1.23.0.449-a04d0) 
Reading specs from /blues/gpfs/home/kmoore/miniconda/envs/pacc-env-mini/bin/../x86_64-conda_cos6-linux-gnu/sysroot/lib/../lib/libgfortran.spec
rename spec lib to liborig
COLLECT_GCC_OPTIONS='-specs=/home/kmoore/miniconda/envs/pacc-env-mini/bin/../lib/gcc/x86_64-conda_cos6-linux-gnu/7.3.0/specs' '-v' '-fopenmp' '-march=nocona' '-mtune=haswell' '-ftree-vectorize' '-fPIC' '-fstack-protector-strong' '-fno-plt' '-O2' '-ffunction-sections' '-pipe' '-o' 'cmTC_7533a' '-shared-libgcc' '-pthread'
COMPILER_PATH=/blues/gpfs/home/kmoore/miniconda/envs/pacc-env-mini/bin/../libexec/gcc/x86_64-conda_cos6-linux-gnu/7.3.0/:/blues/gpfs/home/kmoore/miniconda/envs/pacc-env-mini/bin/../libexec/gcc/:/blues/gpfs/home/kmoore/miniconda/envs/pacc-env-mini/bin/../lib/gcc/x86_64-conda_cos6-linux-gnu/7.3.0/../../../../x86_64-conda_cos6-linux-gnu/bin/
LIBRARY_PATH=/blues/gpfs/home/kmoore/miniconda/envs/pacc-env-mini/bin/../lib/gcc/x86_64-conda_cos6-linux-gnu/7.3.0/:/blues/gpfs/home/kmoore/miniconda/envs/pacc-env-mini/bin/../lib/gcc/:/blues/gpfs/home/kmoore/miniconda/envs/pacc-env-mini/bin/../lib/gcc/x86_64-conda_cos6-linux-gnu/7.3.0/../../../../x86_64-conda_cos6-linux-gnu/lib/../lib/:/blues/gpfs/home/kmoore/miniconda/envs/pacc-env-mini/bin/../x86_64-conda_cos6-linux-gnu/sysroot/lib/../lib/:/blues/gpfs/home/kmoore/miniconda/envs/pacc-env-mini/bin/../x86_64-conda_cos6-linux-gnu/sysroot/usr/lib/../lib/:/blues/gpfs/home/kmoore/miniconda/envs/pacc-env-mini/bin/../lib/gcc/x86_64-conda_cos6-linux-gnu/7.3.0/../../../../x86_64-conda_cos6-linux-gnu/lib/:/blues/gpfs/home/kmoore/miniconda/envs/pacc-env-mini/bin/../x86_64-conda_cos6-linux-gnu/sysroot/lib/:/blues/gpfs/home/kmoore/miniconda/envs/pacc-env-mini/bin/../x86_64-conda_cos6-linux-gnu/sysroot/usr/lib/
Reading specs from /blues/gpfs/home/kmoore/miniconda/envs/pacc-env-mini/bin/../lib/gcc/x86_64-conda_cos6-linux-gnu/7.3.0/../../../../x86_64-conda_cos6-linux-gnu/lib/../lib/libgomp.spec
COLLECT_GCC_OPTIONS='-specs=/home/kmoore/miniconda/envs/pacc-env-mini/bin/../lib/gcc/x86_64-conda_cos6-linux-gnu/7.3.0/specs' '-v' '-fopenmp' '-march=nocona' '-mtune=haswell' '-ftree-vectorize' '-fPIC' '-fstack-protector-strong' '-fno-plt' '-O2' '-ffunction-sections' '-pipe' '-o' 'cmTC_7533a' '-shared-libgcc' '-pthread'
 /blues/gpfs/home/kmoore/miniconda/envs/pacc-env-mini/bin/../libexec/gcc/x86_64-conda_cos6-linux-gnu/7.3.0/collect2 -plugin /blues/gpfs/home/kmoore/miniconda/envs/pacc-env-mini/bin/../libexec/gcc/x86_64-conda_cos6-linux-gnu/7.3.0/liblto_plugin.so -plugin-opt=/blues/gpfs/home/kmoore/miniconda/envs/pacc-env-mini/bin/../libexec/gcc/x86_64-conda_cos6-linux-gnu/7.3.0/lto-wrapper -plugin-opt=-fresolution=/scratch/cc62an1H.res -plugin-opt=-pass-through=-lgcc_s -plugin-opt=-pass-through=-lgcc -plugin-opt=-pass-through=-lquadmath -plugin-opt=-pass-through=-lm -plugin-opt=-pass-through=-lgcc_s -plugin-opt=-pass-through=-lgcc -plugin-opt=-pass-through=-lpthread -plugin-opt=-pass-through=-lc -plugin-opt=-pass-through=-lgcc_s -plugin-opt=-pass-through=-lgcc --eh-frame-hdr -m elf_x86_64 -dynamic-linker /lib64/ld-linux-x86-64.so.2 -pie -o cmTC_7533a /blues/gpfs/home/kmoore/miniconda/envs/pacc-env-mini/bin/../x86_64-conda_cos6-linux-gnu/sysroot/usr/lib/../lib/Scrt1.o /blues/gpfs/home/kmoore/miniconda/envs/pacc-env-mini/bin/../x86_64-conda_cos6-linux-gnu/sysroot/usr/lib/../lib/crti.o /blues/gpfs/home/kmoore/miniconda/envs/pacc-env-mini/bin/../lib/gcc/x86_64-conda_cos6-linux-gnu/7.3.0/crtbeginS.o -L/blues/gpfs/home/kmoore/miniconda/envs/pacc-env-mini/bin/../lib/gcc/x86_64-conda_cos6-linux-gnu/7.3.0 -L/blues/gpfs/home/kmoore/miniconda/envs/pacc-env-mini/bin/../lib/gcc -L/blues/gpfs/home/kmoore/miniconda/envs/pacc-env-mini/bin/../lib/gcc/x86_64-conda_cos6-linux-gnu/7.3.0/../../../../x86_64-conda_cos6-linux-gnu/lib/../lib -L/blues/gpfs/home/kmoore/miniconda/envs/pacc-env-mini/bin/../x86_64-conda_cos6-linux-gnu/sysroot/lib/../lib -L/blues/gpfs/home/kmoore/miniconda/envs/pacc-env-mini/bin/../x86_64-conda_cos6-linux-gnu/sysroot/usr/lib/../lib -L/blues/gpfs/home/kmoore/miniconda/envs/pacc-env-mini/bin/../lib/gcc/x86_64-conda_cos6-linux-gnu/7.3.0/../../../../x86_64-conda_cos6-linux-gnu/lib -L/blues/gpfs/home/kmoore/miniconda/envs/pacc-env-mini/bin/../x86_64-conda_cos6-linux-gnu/sysroot/lib -L/blues/gpfs/home/kmoore/miniconda/envs/pacc-env-mini/bin/../x86_64-conda_cos6-linux-gnu/sysroot/usr/lib -rpath /home/kmoore/miniconda/envs/pacc-env-mini/lib -O2 --sort-common --as-needed -z relro -z now --disable-new-dtags --gc-sections CMakeFiles/cmTC_7533a.dir/CMakeFortranCompilerABI.F.o -lgfortran -lm -lgomp -lgcc_s -lgcc -lquadmath -lm -lgcc_s -lgcc -lpthread -lc -lgcc_s -lgcc /blues/gpfs/home/kmoore/miniconda/envs/pacc-env-mini/bin/../lib/gcc/x86_64-conda_cos6-linux-gnu/7.3.0/crtendS.o /blues/gpfs/home/kmoore/miniconda/envs/pacc-env-mini/bin/../x86_64-conda_cos6-linux-gnu/sysroot/usr/lib/../lib/crtn.o
COLLECT_GCC_OPTIONS='-specs=/home/kmoore/miniconda/envs/pacc-env-mini/bin/../lib/gcc/x86_64-conda_cos6-linux-gnu/7.3.0/specs' '-v' '-fopenmp' '-march=nocona' '-mtune=haswell' '-ftree-vectorize' '-fPIC' '-fstack-protector-strong' '-fno-plt' '-O2' '-ffunction-sections' '-pipe' '-o' 'cmTC_7533a' '-shared-libgcc' '-pthread'
gmake[1]: Leaving directory `/lcrc/project/CMRP/pacc/OneDMin/build/CMakeFiles/CMakeTmp'


Parsed Fortran implicit include dir info from above output: rv=done
  found start of include info
  found start of implicit include info
    add: [/blues/gpfs/home/kmoore/miniconda/envs/pacc-env-mini/bin/../lib/gcc/x86_64-conda_cos6-linux-gnu/7.3.0/finclude]
    add: [/blues/gpfs/home/software/spack-0.10.1/opt/spack/linux-centos7-x86_64/intel-17.0.4/intel-mkl-2017.3.196-v7uuj6zmthzln35n2hb7i5u5ybncv5ev/compilers_and_libraries_2017.4.196/linux/mkl/include]
    add: [/blues/gpfs/home/software/spack-0.10.1/opt/spack/linux-centos7-x86_64/gcc-4.8.5/intel-17.0.4-74uvhjiulyqgvsmywifbbuo46v5n42xc/tbb/include]
    add: [/blues/gpfs/home/kmoore/miniconda/envs/pacc-env-mini/bin/../lib/gcc/x86_64-conda_cos6-linux-gnu/7.3.0/include]
    add: [/blues/gpfs/home/kmoore/miniconda/envs/pacc-env-mini/bin/../lib/gcc/x86_64-conda_cos6-linux-gnu/7.3.0/include-fixed]
    add: [/blues/gpfs/home/kmoore/miniconda/envs/pacc-env-mini/bin/../lib/gcc/x86_64-conda_cos6-linux-gnu/7.3.0/../../../../x86_64-conda_cos6-linux-gnu/include]
    add: [/blues/gpfs/home/kmoore/miniconda/envs/pacc-env-mini/bin/../x86_64-conda_cos6-linux-gnu/sysroot/usr/include]
  end of search list found
  collapse include dir [/blues/gpfs/home/kmoore/miniconda/envs/pacc-env-mini/bin/../lib/gcc/x86_64-conda_cos6-linux-gnu/7.3.0/finclude] ==> [/blues/gpfs/home/kmoore/miniconda/envs/pacc-env-mini/lib/gcc/x86_64-conda_cos6-linux-gnu/7.3.0/finclude]
  collapse include dir [/blues/gpfs/home/software/spack-0.10.1/opt/spack/linux-centos7-x86_64/intel-17.0.4/intel-mkl-2017.3.196-v7uuj6zmthzln35n2hb7i5u5ybncv5ev/compilers_and_libraries_2017.4.196/linux/mkl/include] ==> [/blues/gpfs/home/software/spack-0.10.1/opt/spack/linux-centos7-x86_64/intel-17.0.4/intel-mkl-2017.3.196-v7uuj6zmthzln35n2hb7i5u5ybncv5ev/compilers_and_libraries_2017.4.196/linux/mkl/include]
  collapse include dir [/blues/gpfs/home/software/spack-0.10.1/opt/spack/linux-centos7-x86_64/gcc-4.8.5/intel-17.0.4-74uvhjiulyqgvsmywifbbuo46v5n42xc/tbb/include] ==> [/blues/gpfs/home/software/spack-0.10.1/opt/spack/linux-centos7-x86_64/gcc-4.8.5/intel-17.0.4-74uvhjiulyqgvsmywifbbuo46v5n42xc/tbb/include]
  collapse include dir [/blues/gpfs/home/kmoore/miniconda/envs/pacc-env-mini/bin/../lib/gcc/x86_64-conda_cos6-linux-gnu/7.3.0/include] ==> [/blues/gpfs/home/kmoore/miniconda/envs/pacc-env-mini/lib/gcc/x86_64-conda_cos6-linux-gnu/7.3.0/include]
  collapse include dir [/blues/gpfs/home/kmoore/miniconda/envs/pacc-env-mini/bin/../lib/gcc/x86_64-conda_cos6-linux-gnu/7.3.0/include-fixed] ==> [/blues/gpfs/home/kmoore/miniconda/envs/pacc-env-mini/lib/gcc/x86_64-conda_cos6-linux-gnu/7.3.0/include-fixed]
  collapse include dir [/blues/gpfs/home/kmoore/miniconda/envs/pacc-env-mini/bin/../lib/gcc/x86_64-conda_cos6-linux-gnu/7.3.0/../../../../x86_64-conda_cos6-linux-gnu/include] ==> [/blues/gpfs/home/kmoore/miniconda/envs/pacc-env-mini/x86_64-conda_cos6-linux-gnu/include]
  collapse include dir [/blues/gpfs/home/kmoore/miniconda/envs/pacc-env-mini/bin/../x86_64-conda_cos6-linux-gnu/sysroot/usr/include] ==> [/blues/gpfs/home/kmoore/miniconda/envs/pacc-env-mini/x86_64-conda_cos6-linux-gnu/sysroot/usr/include]
  implicit include dirs: [/blues/gpfs/home/kmoore/miniconda/envs/pacc-env-mini/lib/gcc/x86_64-conda_cos6-linux-gnu/7.3.0/finclude;/blues/gpfs/home/software/spack-0.10.1/opt/spack/linux-centos7-x86_64/intel-17.0.4/intel-mkl-2017.3.196-v7uuj6zmthzln35n2hb7i5u5ybncv5ev/compilers_and_libraries_2017.4.196/linux/mkl/include;/blues/gpfs/home/software/spack-0.10.1/opt/spack/linux-centos7-x86_64/gcc-4.8.5/intel-17.0.4-74uvhjiulyqgvsmywifbbuo46v5n42xc/tbb/include;/blues/gpfs/home/kmoore/miniconda/envs/pacc-env-mini/lib/gcc/x86_64-conda_cos6-linux-gnu/7.3.0/include;/blues/gpfs/home/kmoore/miniconda/envs/pacc-env-mini/lib/gcc/x86_64-conda_cos6-linux-gnu/7.3.0/include-fixed;/blues/gpfs/home/kmoore/miniconda/envs/pacc-env-mini/x86_64-conda_cos6-linux-gnu/include;/blues/gpfs/home/kmoore/miniconda/envs/pacc-env-mini/x86_64-conda_cos6-linux-gnu/sysroot/usr/include]


Parsed Fortran implicit link information from above output:
  link line regex: [^( *|.*[/\])(ld|CMAKE_LINK_STARTFILE-NOTFOUND|([^/\]+-)?ld|collect2)[^/\]*( |$)]
  ignore line: [Change Dir: /lcrc/project/CMRP/pacc/OneDMin/build/CMakeFiles/CMakeTmp]
  ignore line: []
  ignore line: [Run Build Command(s):/usr/bin/gmake cmTC_7533a/fast ]
  ignore line: [/usr/bin/gmake -f CMakeFiles/cmTC_7533a.dir/build.make CMakeFiles/cmTC_7533a.dir/build]
  ignore line: [gmake[1]: Entering directory `/lcrc/project/CMRP/pacc/OneDMin/build/CMakeFiles/CMakeTmp']
  ignore line: [Building Fortran object CMakeFiles/cmTC_7533a.dir/CMakeFortranCompilerABI.F.o]
  ignore line: [/home/kmoore/miniconda/envs/pacc-env-mini/bin/x86_64-conda_cos6-linux-gnu-gfortran   -fopenmp -march=nocona -mtune=haswell -ftree-vectorize -fPIC -fstack-protector-strong -fno-plt -O2 -ffunction-sections -pipe    -v -c /blues/gpfs/home/kmoore/miniconda/envs/pacc-env-mini/share/cmake-3.14/Modules/CMakeFortranCompilerABI.F -o CMakeFiles/cmTC_7533a.dir/CMakeFortranCompilerABI.F.o]
  ignore line: [Reading specs from /blues/gpfs/home/kmoore/miniconda/envs/pacc-env-mini/bin/../lib/gcc/x86_64-conda_cos6-linux-gnu/7.3.0/specs]
  ignore line: [Reading specs from /home/kmoore/miniconda/envs/pacc-env-mini/bin/../lib/gcc/x86_64-conda_cos6-linux-gnu/7.3.0/specs]
  ignore line: [COLLECT_GCC=/home/kmoore/miniconda/envs/pacc-env-mini/bin/x86_64-conda_cos6-linux-gnu-gfortran.bin]
  ignore line: [Target: x86_64-conda_cos6-linux-gnu]
  ignore line: [Configured with: /home/rdonnelly/mc/conda-bld/compilers_linux-64_1534865402226/work/.build/x86_64-conda_cos6-linux-gnu/src/gcc/configure --build=x86_64-build_pc-linux-gnu --host=x86_64-build_pc-linux-gnu --target=x86_64-conda_cos6-linux-gnu --prefix=/home/rdonnelly/mc/conda-bld/compilers_linux-64_1534865402226/work/gcc_built --with-sysroot=/home/rdonnelly/mc/conda-bld/compilers_linux-64_1534865402226/work/gcc_built/x86_64-conda_cos6-linux-gnu/sysroot --enable-languages=c,c++,fortran,objc,obj-c++ --with-pkgversion='crosstool-NG 1.23.0.449-a04d0' --enable-__cxa_atexit --disable-libmudflap --enable-libgomp --disable-libssp --enable-libquadmath --enable-libquadmath-support --enable-libsanitizer --enable-libmpx --with-gmp=/home/rdonnelly/mc/conda-bld/compilers_linux-64_1534865402226/work/.build/x86_64-conda_cos6-linux-gnu/buildtools --with-mpfr=/home/rdonnelly/mc/conda-bld/compilers_linux-64_1534865402226/work/.build/x86_64-conda_cos6-linux-gnu/buildtools --with-mpc=/home/rdonnelly/mc/conda-bld/compilers_linux-64_1534865402226/work/.build/x86_64-conda_cos6-linux-gnu/buildtools --with-isl=/home/rdonnelly/mc/conda-bld/compilers_linux-64_1534865402226/work/.build/x86_64-conda_cos6-linux-gnu/buildtools --enable-lto --enable-threads=posix --enable-target-optspace --enable-plugin --enable-gold --disable-nls --disable-multilib --with-local-prefix=/home/rdonnelly/mc/conda-bld/compilers_linux-64_1534865402226/work/gcc_built/x86_64-conda_cos6-linux-gnu/sysroot --enable-long-long --enable-default-pie]
  ignore line: [Thread model: posix]
  ignore line: [gcc version 7.3.0 (crosstool-NG 1.23.0.449-a04d0) ]
  ignore line: [COLLECT_GCC_OPTIONS='-specs=/home/kmoore/miniconda/envs/pacc-env-mini/bin/../lib/gcc/x86_64-conda_cos6-linux-gnu/7.3.0/specs' '-fopenmp' '-march=nocona' '-mtune=haswell' '-ftree-vectorize' '-fPIC' '-fstack-protector-strong' '-fno-plt' '-O2' '-ffunction-sections' '-pipe' '-v' '-c' '-o' 'CMakeFiles/cmTC_7533a.dir/CMakeFortranCompilerABI.F.o' '-pthread']
  ignore line: [ /blues/gpfs/home/kmoore/miniconda/envs/pacc-env-mini/bin/../libexec/gcc/x86_64-conda_cos6-linux-gnu/7.3.0/f951 /blues/gpfs/home/kmoore/miniconda/envs/pacc-env-mini/share/cmake-3.14/Modules/CMakeFortranCompilerABI.F -ffixed-form -cpp=/scratch/ccHDipaA.f90 -quiet -v -iprefix /blues/gpfs/home/kmoore/miniconda/envs/pacc-env-mini/bin/../lib/gcc/x86_64-conda_cos6-linux-gnu/7.3.0/ -isysroot /blues/gpfs/home/kmoore/miniconda/envs/pacc-env-mini/bin/../x86_64-conda_cos6-linux-gnu/sysroot -D_REENTRANT /blues/gpfs/home/kmoore/miniconda/envs/pacc-env-mini/share/cmake-3.14/Modules/CMakeFortranCompilerABI.F -quiet -dumpbase CMakeFortranCompilerABI.F -march=nocona -mtune=haswell -auxbase-strip CMakeFiles/cmTC_7533a.dir/CMakeFortranCompilerABI.F.o -O2 -version -fopenmp -ftree-vectorize -fPIC -fstack-protector-strong -fno-plt -ffunction-sections -fintrinsic-modules-path /blues/gpfs/home/kmoore/miniconda/envs/pacc-env-mini/bin/../lib/gcc/x86_64-conda_cos6-linux-gnu/7.3.0/finclude -o - |]
  ignore line: [ /blues/gpfs/home/kmoore/miniconda/envs/pacc-env-mini/bin/../lib/gcc/x86_64-conda_cos6-linux-gnu/7.3.0/../../../../x86_64-conda_cos6-linux-gnu/bin/as -v --64 -o CMakeFiles/cmTC_7533a.dir/CMakeFortranCompilerABI.F.o]
  ignore line: [GNU Fortran (crosstool-NG 1.23.0.449-a04d0) version 7.3.0 (x86_64-conda_cos6-linux-gnu)]
  ignore line: [	compiled by GNU C version 4.4.7 20120313 (Red Hat 4.4.7-18), GMP version 6.1.2, MPFR version 4.0.1, MPC version 1.1.0, isl version isl-0.19-GMP]
  ignore line: []
  ignore line: [GGC heuristics: --param ggc-min-expand=100 --param ggc-min-heapsize=131072]
  ignore line: [ignoring duplicate directory "/blues/gpfs/home/kmoore/miniconda/envs/pacc-env-mini/bin/../lib/gcc/../../lib/gcc/x86_64-conda_cos6-linux-gnu/7.3.0/include"]
  ignore line: [ignoring nonexistent directory "/blues/gpfs/home/kmoore/miniconda/envs/pacc-env-mini/bin/../x86_64-conda_cos6-linux-gnu/sysroot/home/rdonnelly/mc/conda-bld/compilers_linux-64_1534865402226/work/gcc_built/x86_64-conda_cos6-linux-gnu/sysroot/include"]
  ignore line: [ignoring duplicate directory "/blues/gpfs/home/kmoore/miniconda/envs/pacc-env-mini/bin/../lib/gcc/../../lib/gcc/x86_64-conda_cos6-linux-gnu/7.3.0/include-fixed"]
  ignore line: [ignoring duplicate directory "/blues/gpfs/home/kmoore/miniconda/envs/pacc-env-mini/bin/../lib/gcc/../../lib/gcc/x86_64-conda_cos6-linux-gnu/7.3.0/../../../../x86_64-conda_cos6-linux-gnu/include"]
  ignore line: [#include "..." search starts here:]
  ignore line: [#include <...> search starts here:]
  ignore line: [ /blues/gpfs/home/kmoore/miniconda/envs/pacc-env-mini/bin/../lib/gcc/x86_64-conda_cos6-linux-gnu/7.3.0/finclude]
  ignore line: [ /blues/gpfs/home/software/spack-0.10.1/opt/spack/linux-centos7-x86_64/intel-17.0.4/intel-mkl-2017.3.196-v7uuj6zmthzln35n2hb7i5u5ybncv5ev/compilers_and_libraries_2017.4.196/linux/mkl/include]
  ignore line: [ /blues/gpfs/home/software/spack-0.10.1/opt/spack/linux-centos7-x86_64/gcc-4.8.5/intel-17.0.4-74uvhjiulyqgvsmywifbbuo46v5n42xc/tbb/include]
  ignore line: [ /blues/gpfs/home/kmoore/miniconda/envs/pacc-env-mini/bin/../lib/gcc/x86_64-conda_cos6-linux-gnu/7.3.0/include]
  ignore line: [ /blues/gpfs/home/kmoore/miniconda/envs/pacc-env-mini/bin/../lib/gcc/x86_64-conda_cos6-linux-gnu/7.3.0/include-fixed]
  ignore line: [ /blues/gpfs/home/kmoore/miniconda/envs/pacc-env-mini/bin/../lib/gcc/x86_64-conda_cos6-linux-gnu/7.3.0/../../../../x86_64-conda_cos6-linux-gnu/include]
  ignore line: [ /blues/gpfs/home/kmoore/miniconda/envs/pacc-env-mini/bin/../x86_64-conda_cos6-linux-gnu/sysroot/usr/include]
  ignore line: [End of search list.]
  ignore line: [GNU Fortran2008 (crosstool-NG 1.23.0.449-a04d0) version 7.3.0 (x86_64-conda_cos6-linux-gnu)]
  ignore line: [	compiled by GNU C version 4.4.7 20120313 (Red Hat 4.4.7-18), GMP version 6.1.2, MPFR version 4.0.1, MPC version 1.1.0, isl version isl-0.19-GMP]
  ignore line: []
  ignore line: [GGC heuristics: --param ggc-min-expand=100 --param ggc-min-heapsize=131072]
  ignore line: [GNU assembler version 2.31.1 (x86_64-conda_cos6-linux-gnu) using BFD version (crosstool-NG 1.23.0.444-4ea7) 2.31.1]
  ignore line: [COMPILER_PATH=/blues/gpfs/home/kmoore/miniconda/envs/pacc-env-mini/bin/../libexec/gcc/x86_64-conda_cos6-linux-gnu/7.3.0/:/blues/gpfs/home/kmoore/miniconda/envs/pacc-env-mini/bin/../libexec/gcc/:/blues/gpfs/home/kmoore/miniconda/envs/pacc-env-mini/bin/../lib/gcc/x86_64-conda_cos6-linux-gnu/7.3.0/../../../../x86_64-conda_cos6-linux-gnu/bin/]
  ignore line: [LIBRARY_PATH=/blues/gpfs/home/kmoore/miniconda/envs/pacc-env-mini/bin/../lib/gcc/x86_64-conda_cos6-linux-gnu/7.3.0/:/blues/gpfs/home/kmoore/miniconda/envs/pacc-env-mini/bin/../lib/gcc/:/blues/gpfs/home/kmoore/miniconda/envs/pacc-env-mini/bin/../lib/gcc/x86_64-conda_cos6-linux-gnu/7.3.0/../../../../x86_64-conda_cos6-linux-gnu/lib/../lib/:/blues/gpfs/home/kmoore/miniconda/envs/pacc-env-mini/bin/../x86_64-conda_cos6-linux-gnu/sysroot/lib/../lib/:/blues/gpfs/home/kmoore/miniconda/envs/pacc-env-mini/bin/../x86_64-conda_cos6-linux-gnu/sysroot/usr/lib/../lib/:/blues/gpfs/home/kmoore/miniconda/envs/pacc-env-mini/bin/../lib/gcc/x86_64-conda_cos6-linux-gnu/7.3.0/../../../../x86_64-conda_cos6-linux-gnu/lib/:/blues/gpfs/home/kmoore/miniconda/envs/pacc-env-mini/bin/../x86_64-conda_cos6-linux-gnu/sysroot/lib/:/blues/gpfs/home/kmoore/miniconda/envs/pacc-env-mini/bin/../x86_64-conda_cos6-linux-gnu/sysroot/usr/lib/]
  ignore line: [COLLECT_GCC_OPTIONS='-specs=/home/kmoore/miniconda/envs/pacc-env-mini/bin/../lib/gcc/x86_64-conda_cos6-linux-gnu/7.3.0/specs' '-fopenmp' '-march=nocona' '-mtune=haswell' '-ftree-vectorize' '-fPIC' '-fstack-protector-strong' '-fno-plt' '-O2' '-ffunction-sections' '-pipe' '-v' '-c' '-o' 'CMakeFiles/cmTC_7533a.dir/CMakeFortranCompilerABI.F.o' '-pthread']
  ignore line: [Linking Fortran executable cmTC_7533a]
  ignore line: [/blues/gpfs/home/kmoore/miniconda/envs/pacc-env-mini/bin/cmake -E cmake_link_script CMakeFiles/cmTC_7533a.dir/link.txt --verbose=1]
  ignore line: [/home/kmoore/miniconda/envs/pacc-env-mini/bin/x86_64-conda_cos6-linux-gnu-gfortran  -Wl,-O2 -Wl,--sort-common -Wl,--as-needed -Wl,-z,relro -Wl,-z,now -Wl,--disable-new-dtags -Wl,--gc-sections -v -fopenmp -march=nocona -mtune=haswell -ftree-vectorize -fPIC -fstack-protector-strong -fno-plt -O2 -ffunction-sections -pipe  CMakeFiles/cmTC_7533a.dir/CMakeFortranCompilerABI.F.o  -o cmTC_7533a ]
  ignore line: [Driving: /home/kmoore/miniconda/envs/pacc-env-mini/bin/x86_64-conda_cos6-linux-gnu-gfortran.bin -specs=/home/kmoore/miniconda/envs/pacc-env-mini/bin/../lib/gcc/x86_64-conda_cos6-linux-gnu/7.3.0/specs -Wl,-O2 -Wl,--sort-common -Wl,--as-needed -Wl,-z,relro -Wl,-z,now -Wl,--disable-new-dtags -Wl,--gc-sections -v -fopenmp -march=nocona -mtune=haswell -ftree-vectorize -fPIC -fstack-protector-strong -fno-plt -O2 -ffunction-sections -pipe CMakeFiles/cmTC_7533a.dir/CMakeFortranCompilerABI.F.o -o cmTC_7533a -l gfortran -l m -shared-libgcc]
  ignore line: [Reading specs from /blues/gpfs/home/kmoore/miniconda/envs/pacc-env-mini/bin/../lib/gcc/x86_64-conda_cos6-linux-gnu/7.3.0/specs]
  ignore line: [Reading specs from /home/kmoore/miniconda/envs/pacc-env-mini/bin/../lib/gcc/x86_64-conda_cos6-linux-gnu/7.3.0/specs]
  ignore line: [COLLECT_GCC=/home/kmoore/miniconda/envs/pacc-env-mini/bin/x86_64-conda_cos6-linux-gnu-gfortran.bin]
  ignore line: [COLLECT_LTO_WRAPPER=/blues/gpfs/home/kmoore/miniconda/envs/pacc-env-mini/bin/../libexec/gcc/x86_64-conda_cos6-linux-gnu/7.3.0/lto-wrapper]
  ignore line: [Target: x86_64-conda_cos6-linux-gnu]
  ignore line: [Configured with: /home/rdonnelly/mc/conda-bld/compilers_linux-64_1534865402226/work/.build/x86_64-conda_cos6-linux-gnu/src/gcc/configure --build=x86_64-build_pc-linux-gnu --host=x86_64-build_pc-linux-gnu --target=x86_64-conda_cos6-linux-gnu --prefix=/home/rdonnelly/mc/conda-bld/compilers_linux-64_1534865402226/work/gcc_built --with-sysroot=/home/rdonnelly/mc/conda-bld/compilers_linux-64_1534865402226/work/gcc_built/x86_64-conda_cos6-linux-gnu/sysroot --enable-languages=c,c++,fortran,objc,obj-c++ --with-pkgversion='crosstool-NG 1.23.0.449-a04d0' --enable-__cxa_atexit --disable-libmudflap --enable-libgomp --disable-libssp --enable-libquadmath --enable-libquadmath-support --enable-libsanitizer --enable-libmpx --with-gmp=/home/rdonnelly/mc/conda-bld/compilers_linux-64_1534865402226/work/.build/x86_64-conda_cos6-linux-gnu/buildtools --with-mpfr=/home/rdonnelly/mc/conda-bld/compilers_linux-64_1534865402226/work/.build/x86_64-conda_cos6-linux-gnu/buildtools --with-mpc=/home/rdonnelly/mc/conda-bld/compilers_linux-64_1534865402226/work/.build/x86_64-conda_cos6-linux-gnu/buildtools --with-isl=/home/rdonnelly/mc/conda-bld/compilers_linux-64_1534865402226/work/.build/x86_64-conda_cos6-linux-gnu/buildtools --enable-lto --enable-threads=posix --enable-target-optspace --enable-plugin --enable-gold --disable-nls --disable-multilib --with-local-prefix=/home/rdonnelly/mc/conda-bld/compilers_linux-64_1534865402226/work/gcc_built/x86_64-conda_cos6-linux-gnu/sysroot --enable-long-long --enable-default-pie]
  ignore line: [Thread model: posix]
  ignore line: [gcc version 7.3.0 (crosstool-NG 1.23.0.449-a04d0) ]
  ignore line: [Reading specs from /blues/gpfs/home/kmoore/miniconda/envs/pacc-env-mini/bin/../x86_64-conda_cos6-linux-gnu/sysroot/lib/../lib/libgfortran.spec]
  ignore line: [rename spec lib to liborig]
  ignore line: [COLLECT_GCC_OPTIONS='-specs=/home/kmoore/miniconda/envs/pacc-env-mini/bin/../lib/gcc/x86_64-conda_cos6-linux-gnu/7.3.0/specs' '-v' '-fopenmp' '-march=nocona' '-mtune=haswell' '-ftree-vectorize' '-fPIC' '-fstack-protector-strong' '-fno-plt' '-O2' '-ffunction-sections' '-pipe' '-o' 'cmTC_7533a' '-shared-libgcc' '-pthread']
  ignore line: [COMPILER_PATH=/blues/gpfs/home/kmoore/miniconda/envs/pacc-env-mini/bin/../libexec/gcc/x86_64-conda_cos6-linux-gnu/7.3.0/:/blues/gpfs/home/kmoore/miniconda/envs/pacc-env-mini/bin/../libexec/gcc/:/blues/gpfs/home/kmoore/miniconda/envs/pacc-env-mini/bin/../lib/gcc/x86_64-conda_cos6-linux-gnu/7.3.0/../../../../x86_64-conda_cos6-linux-gnu/bin/]
  ignore line: [LIBRARY_PATH=/blues/gpfs/home/kmoore/miniconda/envs/pacc-env-mini/bin/../lib/gcc/x86_64-conda_cos6-linux-gnu/7.3.0/:/blues/gpfs/home/kmoore/miniconda/envs/pacc-env-mini/bin/../lib/gcc/:/blues/gpfs/home/kmoore/miniconda/envs/pacc-env-mini/bin/../lib/gcc/x86_64-conda_cos6-linux-gnu/7.3.0/../../../../x86_64-conda_cos6-linux-gnu/lib/../lib/:/blues/gpfs/home/kmoore/miniconda/envs/pacc-env-mini/bin/../x86_64-conda_cos6-linux-gnu/sysroot/lib/../lib/:/blues/gpfs/home/kmoore/miniconda/envs/pacc-env-mini/bin/../x86_64-conda_cos6-linux-gnu/sysroot/usr/lib/../lib/:/blues/gpfs/home/kmoore/miniconda/envs/pacc-env-mini/bin/../lib/gcc/x86_64-conda_cos6-linux-gnu/7.3.0/../../../../x86_64-conda_cos6-linux-gnu/lib/:/blues/gpfs/home/kmoore/miniconda/envs/pacc-env-mini/bin/../x86_64-conda_cos6-linux-gnu/sysroot/lib/:/blues/gpfs/home/kmoore/miniconda/envs/pacc-env-mini/bin/../x86_64-conda_cos6-linux-gnu/sysroot/usr/lib/]
  ignore line: [Reading specs from /blues/gpfs/home/kmoore/miniconda/envs/pacc-env-mini/bin/../lib/gcc/x86_64-conda_cos6-linux-gnu/7.3.0/../../../../x86_64-conda_cos6-linux-gnu/lib/../lib/libgomp.spec]
  ignore line: [COLLECT_GCC_OPTIONS='-specs=/home/kmoore/miniconda/envs/pacc-env-mini/bin/../lib/gcc/x86_64-conda_cos6-linux-gnu/7.3.0/specs' '-v' '-fopenmp' '-march=nocona' '-mtune=haswell' '-ftree-vectorize' '-fPIC' '-fstack-protector-strong' '-fno-plt' '-O2' '-ffunction-sections' '-pipe' '-o' 'cmTC_7533a' '-shared-libgcc' '-pthread']
  link line: [ /blues/gpfs/home/kmoore/miniconda/envs/pacc-env-mini/bin/../libexec/gcc/x86_64-conda_cos6-linux-gnu/7.3.0/collect2 -plugin /blues/gpfs/home/kmoore/miniconda/envs/pacc-env-mini/bin/../libexec/gcc/x86_64-conda_cos6-linux-gnu/7.3.0/liblto_plugin.so -plugin-opt=/blues/gpfs/home/kmoore/miniconda/envs/pacc-env-mini/bin/../libexec/gcc/x86_64-conda_cos6-linux-gnu/7.3.0/lto-wrapper -plugin-opt=-fresolution=/scratch/cc62an1H.res -plugin-opt=-pass-through=-lgcc_s -plugin-opt=-pass-through=-lgcc -plugin-opt=-pass-through=-lquadmath -plugin-opt=-pass-through=-lm -plugin-opt=-pass-through=-lgcc_s -plugin-opt=-pass-through=-lgcc -plugin-opt=-pass-through=-lpthread -plugin-opt=-pass-through=-lc -plugin-opt=-pass-through=-lgcc_s -plugin-opt=-pass-through=-lgcc --eh-frame-hdr -m elf_x86_64 -dynamic-linker /lib64/ld-linux-x86-64.so.2 -pie -o cmTC_7533a /blues/gpfs/home/kmoore/miniconda/envs/pacc-env-mini/bin/../x86_64-conda_cos6-linux-gnu/sysroot/usr/lib/../lib/Scrt1.o /blues/gpfs/home/kmoore/miniconda/envs/pacc-env-mini/bin/../x86_64-conda_cos6-linux-gnu/sysroot/usr/lib/../lib/crti.o /blues/gpfs/home/kmoore/miniconda/envs/pacc-env-mini/bin/../lib/gcc/x86_64-conda_cos6-linux-gnu/7.3.0/crtbeginS.o -L/blues/gpfs/home/kmoore/miniconda/envs/pacc-env-mini/bin/../lib/gcc/x86_64-conda_cos6-linux-gnu/7.3.0 -L/blues/gpfs/home/kmoore/miniconda/envs/pacc-env-mini/bin/../lib/gcc -L/blues/gpfs/home/kmoore/miniconda/envs/pacc-env-mini/bin/../lib/gcc/x86_64-conda_cos6-linux-gnu/7.3.0/../../../../x86_64-conda_cos6-linux-gnu/lib/../lib -L/blues/gpfs/home/kmoore/miniconda/envs/pacc-env-mini/bin/../x86_64-conda_cos6-linux-gnu/sysroot/lib/../lib -L/blues/gpfs/home/kmoore/miniconda/envs/pacc-env-mini/bin/../x86_64-conda_cos6-linux-gnu/sysroot/usr/lib/../lib -L/blues/gpfs/home/kmoore/miniconda/envs/pacc-env-mini/bin/../lib/gcc/x86_64-conda_cos6-linux-gnu/7.3.0/../../../../x86_64-conda_cos6-linux-gnu/lib -L/blues/gpfs/home/kmoore/miniconda/envs/pacc-env-mini/bin/../x86_64-conda_cos6-linux-gnu/sysroot/lib -L/blues/gpfs/home/kmoore/miniconda/envs/pacc-env-mini/bin/../x86_64-conda_cos6-linux-gnu/sysroot/usr/lib -rpath /home/kmoore/miniconda/envs/pacc-env-mini/lib -O2 --sort-common --as-needed -z relro -z now --disable-new-dtags --gc-sections CMakeFiles/cmTC_7533a.dir/CMakeFortranCompilerABI.F.o -lgfortran -lm -lgomp -lgcc_s -lgcc -lquadmath -lm -lgcc_s -lgcc -lpthread -lc -lgcc_s -lgcc /blues/gpfs/home/kmoore/miniconda/envs/pacc-env-mini/bin/../lib/gcc/x86_64-conda_cos6-linux-gnu/7.3.0/crtendS.o /blues/gpfs/home/kmoore/miniconda/envs/pacc-env-mini/bin/../x86_64-conda_cos6-linux-gnu/sysroot/usr/lib/../lib/crtn.o]
    arg [/blues/gpfs/home/kmoore/miniconda/envs/pacc-env-mini/bin/../libexec/gcc/x86_64-conda_cos6-linux-gnu/7.3.0/collect2] ==> ignore
    arg [-plugin] ==> ignore
    arg [/blues/gpfs/home/kmoore/miniconda/envs/pacc-env-mini/bin/../libexec/gcc/x86_64-conda_cos6-linux-gnu/7.3.0/liblto_plugin.so] ==> ignore
    arg [-plugin-opt=/blues/gpfs/home/kmoore/miniconda/envs/pacc-env-mini/bin/../libexec/gcc/x86_64-conda_cos6-linux-gnu/7.3.0/lto-wrapper] ==> ignore
    arg [-plugin-opt=-fresolution=/scratch/cc62an1H.res] ==> ignore
    arg [-plugin-opt=-pass-through=-lgcc_s] ==> ignore
    arg [-plugin-opt=-pass-through=-lgcc] ==> ignore
    arg [-plugin-opt=-pass-through=-lquadmath] ==> ignore
    arg [-plugin-opt=-pass-through=-lm] ==> ignore
    arg [-plugin-opt=-pass-through=-lgcc_s] ==> ignore
    arg [-plugin-opt=-pass-through=-lgcc] ==> ignore
    arg [-plugin-opt=-pass-through=-lpthread] ==> ignore
    arg [-plugin-opt=-pass-through=-lc] ==> ignore
    arg [-plugin-opt=-pass-through=-lgcc_s] ==> ignore
    arg [-plugin-opt=-pass-through=-lgcc] ==> ignore
    arg [--eh-frame-hdr] ==> ignore
    arg [-m] ==> ignore
    arg [elf_x86_64] ==> ignore
    arg [-dynamic-linker] ==> ignore
    arg [/lib64/ld-linux-x86-64.so.2] ==> ignore
    arg [-pie] ==> ignore
    arg [-o] ==> ignore
    arg [cmTC_7533a] ==> ignore
    arg [/blues/gpfs/home/kmoore/miniconda/envs/pacc-env-mini/bin/../x86_64-conda_cos6-linux-gnu/sysroot/usr/lib/../lib/Scrt1.o] ==> ignore
    arg [/blues/gpfs/home/kmoore/miniconda/envs/pacc-env-mini/bin/../x86_64-conda_cos6-linux-gnu/sysroot/usr/lib/../lib/crti.o] ==> ignore
    arg [/blues/gpfs/home/kmoore/miniconda/envs/pacc-env-mini/bin/../lib/gcc/x86_64-conda_cos6-linux-gnu/7.3.0/crtbeginS.o] ==> ignore
    arg [-L/blues/gpfs/home/kmoore/miniconda/envs/pacc-env-mini/bin/../lib/gcc/x86_64-conda_cos6-linux-gnu/7.3.0] ==> dir [/blues/gpfs/home/kmoore/miniconda/envs/pacc-env-mini/bin/../lib/gcc/x86_64-conda_cos6-linux-gnu/7.3.0]
    arg [-L/blues/gpfs/home/kmoore/miniconda/envs/pacc-env-mini/bin/../lib/gcc] ==> dir [/blues/gpfs/home/kmoore/miniconda/envs/pacc-env-mini/bin/../lib/gcc]
    arg [-L/blues/gpfs/home/kmoore/miniconda/envs/pacc-env-mini/bin/../lib/gcc/x86_64-conda_cos6-linux-gnu/7.3.0/../../../../x86_64-conda_cos6-linux-gnu/lib/../lib] ==> dir [/blues/gpfs/home/kmoore/miniconda/envs/pacc-env-mini/bin/../lib/gcc/x86_64-conda_cos6-linux-gnu/7.3.0/../../../../x86_64-conda_cos6-linux-gnu/lib/../lib]
    arg [-L/blues/gpfs/home/kmoore/miniconda/envs/pacc-env-mini/bin/../x86_64-conda_cos6-linux-gnu/sysroot/lib/../lib] ==> dir [/blues/gpfs/home/kmoore/miniconda/envs/pacc-env-mini/bin/../x86_64-conda_cos6-linux-gnu/sysroot/lib/../lib]
    arg [-L/blues/gpfs/home/kmoore/miniconda/envs/pacc-env-mini/bin/../x86_64-conda_cos6-linux-gnu/sysroot/usr/lib/../lib] ==> dir [/blues/gpfs/home/kmoore/miniconda/envs/pacc-env-mini/bin/../x86_64-conda_cos6-linux-gnu/sysroot/usr/lib/../lib]
    arg [-L/blues/gpfs/home/kmoore/miniconda/envs/pacc-env-mini/bin/../lib/gcc/x86_64-conda_cos6-linux-gnu/7.3.0/../../../../x86_64-conda_cos6-linux-gnu/lib] ==> dir [/blues/gpfs/home/kmoore/miniconda/envs/pacc-env-mini/bin/../lib/gcc/x86_64-conda_cos6-linux-gnu/7.3.0/../../../../x86_64-conda_cos6-linux-gnu/lib]
    arg [-L/blues/gpfs/home/kmoore/miniconda/envs/pacc-env-mini/bin/../x86_64-conda_cos6-linux-gnu/sysroot/lib] ==> dir [/blues/gpfs/home/kmoore/miniconda/envs/pacc-env-mini/bin/../x86_64-conda_cos6-linux-gnu/sysroot/lib]
    arg [-L/blues/gpfs/home/kmoore/miniconda/envs/pacc-env-mini/bin/../x86_64-conda_cos6-linux-gnu/sysroot/usr/lib] ==> dir [/blues/gpfs/home/kmoore/miniconda/envs/pacc-env-mini/bin/../x86_64-conda_cos6-linux-gnu/sysroot/usr/lib]
    arg [-rpath] ==> ignore
    arg [/home/kmoore/miniconda/envs/pacc-env-mini/lib] ==> ignore
    arg [-O2] ==> ignore
    arg [--sort-common] ==> ignore
    arg [--as-needed] ==> ignore
    arg [-zrelro] ==> ignore
    arg [-znow] ==> ignore
    arg [--disable-new-dtags] ==> ignore
    arg [--gc-sections] ==> ignore
    arg [CMakeFiles/cmTC_7533a.dir/CMakeFortranCompilerABI.F.o] ==> ignore
    arg [-lgfortran] ==> lib [gfortran]
    arg [-lm] ==> lib [m]
    arg [-lgomp] ==> lib [gomp]
    arg [-lgcc_s] ==> lib [gcc_s]
    arg [-lgcc] ==> lib [gcc]
    arg [-lquadmath] ==> lib [quadmath]
    arg [-lm] ==> lib [m]
    arg [-lgcc_s] ==> lib [gcc_s]
    arg [-lgcc] ==> lib [gcc]
    arg [-lpthread] ==> lib [pthread]
    arg [-lc] ==> lib [c]
    arg [-lgcc_s] ==> lib [gcc_s]
    arg [-lgcc] ==> lib [gcc]
    arg [/blues/gpfs/home/kmoore/miniconda/envs/pacc-env-mini/bin/../lib/gcc/x86_64-conda_cos6-linux-gnu/7.3.0/crtendS.o] ==> ignore
    arg [/blues/gpfs/home/kmoore/miniconda/envs/pacc-env-mini/bin/../x86_64-conda_cos6-linux-gnu/sysroot/usr/lib/../lib/crtn.o] ==> ignore
  collapse library dir [/blues/gpfs/home/kmoore/miniconda/envs/pacc-env-mini/bin/../lib/gcc/x86_64-conda_cos6-linux-gnu/7.3.0] ==> [/blues/gpfs/home/kmoore/miniconda/envs/pacc-env-mini/lib/gcc/x86_64-conda_cos6-linux-gnu/7.3.0]
  collapse library dir [/blues/gpfs/home/kmoore/miniconda/envs/pacc-env-mini/bin/../lib/gcc] ==> [/blues/gpfs/home/kmoore/miniconda/envs/pacc-env-mini/lib/gcc]
  collapse library dir [/blues/gpfs/home/kmoore/miniconda/envs/pacc-env-mini/bin/../lib/gcc/x86_64-conda_cos6-linux-gnu/7.3.0/../../../../x86_64-conda_cos6-linux-gnu/lib/../lib] ==> [/blues/gpfs/home/kmoore/miniconda/envs/pacc-env-mini/x86_64-conda_cos6-linux-gnu/lib]
  collapse library dir [/blues/gpfs/home/kmoore/miniconda/envs/pacc-env-mini/bin/../x86_64-conda_cos6-linux-gnu/sysroot/lib/../lib] ==> [/blues/gpfs/home/kmoore/miniconda/envs/pacc-env-mini/x86_64-conda_cos6-linux-gnu/sysroot/lib]
  collapse library dir [/blues/gpfs/home/kmoore/miniconda/envs/pacc-env-mini/bin/../x86_64-conda_cos6-linux-gnu/sysroot/usr/lib/../lib] ==> [/blues/gpfs/home/kmoore/miniconda/envs/pacc-env-mini/x86_64-conda_cos6-linux-gnu/sysroot/usr/lib]
  collapse library dir [/blues/gpfs/home/kmoore/miniconda/envs/pacc-env-mini/bin/../lib/gcc/x86_64-conda_cos6-linux-gnu/7.3.0/../../../../x86_64-conda_cos6-linux-gnu/lib] ==> [/blues/gpfs/home/kmoore/miniconda/envs/pacc-env-mini/x86_64-conda_cos6-linux-gnu/lib]
  collapse library dir [/blues/gpfs/home/kmoore/miniconda/envs/pacc-env-mini/bin/../x86_64-conda_cos6-linux-gnu/sysroot/lib] ==> [/blues/gpfs/home/kmoore/miniconda/envs/pacc-env-mini/x86_64-conda_cos6-linux-gnu/sysroot/lib]
  collapse library dir [/blues/gpfs/home/kmoore/miniconda/envs/pacc-env-mini/bin/../x86_64-conda_cos6-linux-gnu/sysroot/usr/lib] ==> [/blues/gpfs/home/kmoore/miniconda/envs/pacc-env-mini/x86_64-conda_cos6-linux-gnu/sysroot/usr/lib]
  implicit libs: [gfortran;m;gomp;gcc_s;gcc;quadmath;m;gcc_s;gcc;pthread;c;gcc_s;gcc]
  implicit dirs: [/blues/gpfs/home/kmoore/miniconda/envs/pacc-env-mini/lib/gcc/x86_64-conda_cos6-linux-gnu/7.3.0;/blues/gpfs/home/kmoore/miniconda/envs/pacc-env-mini/lib/gcc;/blues/gpfs/home/kmoore/miniconda/envs/pacc-env-mini/x86_64-conda_cos6-linux-gnu/lib;/blues/gpfs/home/kmoore/miniconda/envs/pacc-env-mini/x86_64-conda_cos6-linux-gnu/sysroot/lib;/blues/gpfs/home/kmoore/miniconda/envs/pacc-env-mini/x86_64-conda_cos6-linux-gnu/sysroot/usr/lib]
  implicit fwks: []


Determining if the Fortran compiler supports Fortran 90 passed with the following output:
Change Dir: /lcrc/project/CMRP/pacc/OneDMin/build/CMakeFiles/CMakeTmp

Run Build Command(s):/usr/bin/gmake cmTC_7bfd8/fast 
/usr/bin/gmake -f CMakeFiles/cmTC_7bfd8.dir/build.make CMakeFiles/cmTC_7bfd8.dir/build
gmake[1]: Entering directory `/lcrc/project/CMRP/pacc/OneDMin/build/CMakeFiles/CMakeTmp'
Building Fortran object CMakeFiles/cmTC_7bfd8.dir/testFortranCompilerF90.f90.o
/home/kmoore/miniconda/envs/pacc-env-mini/bin/x86_64-conda_cos6-linux-gnu-gfortran   -fopenmp -march=nocona -mtune=haswell -ftree-vectorize -fPIC -fstack-protector-strong -fno-plt -O2 -ffunction-sections -pipe    -c /lcrc/project/CMRP/pacc/OneDMin/build/CMakeFiles/CMakeTmp/testFortranCompilerF90.f90 -o CMakeFiles/cmTC_7bfd8.dir/testFortranCompilerF90.f90.o
Linking Fortran executable cmTC_7bfd8
/blues/gpfs/home/kmoore/miniconda/envs/pacc-env-mini/bin/cmake -E cmake_link_script CMakeFiles/cmTC_7bfd8.dir/link.txt --verbose=1
/home/kmoore/miniconda/envs/pacc-env-mini/bin/x86_64-conda_cos6-linux-gnu-gfortran  -Wl,-O2 -Wl,--sort-common -Wl,--as-needed -Wl,-z,relro -Wl,-z,now -Wl,--disable-new-dtags -Wl,--gc-sections  -fopenmp -march=nocona -mtune=haswell -ftree-vectorize -fPIC -fstack-protector-strong -fno-plt -O2 -ffunction-sections -pipe  CMakeFiles/cmTC_7bfd8.dir/testFortranCompilerF90.f90.o  -o cmTC_7bfd8 
gmake[1]: Leaving directory `/lcrc/project/CMRP/pacc/OneDMin/build/CMakeFiles/CMakeTmp'


Determining if the Fortran sgemm exists passed with the following output:
Change Dir: /lcrc/project/CMRP/pacc/OneDMin/build/CMakeFiles/CMakeTmp

Run Build Command(s):/usr/bin/gmake cmTC_fa131/fast 
/usr/bin/gmake -f CMakeFiles/cmTC_fa131.dir/build.make CMakeFiles/cmTC_fa131.dir/build
gmake[1]: Entering directory `/lcrc/project/CMRP/pacc/OneDMin/build/CMakeFiles/CMakeTmp'
Building Fortran object CMakeFiles/cmTC_fa131.dir/testFortranCompiler.f.o
/home/kmoore/miniconda/envs/pacc-env-mini/bin/x86_64-conda_cos6-linux-gnu-gfortran   -fopenmp -march=nocona -mtune=haswell -ftree-vectorize -fPIC -fstack-protector-strong -fno-plt -O2 -ffunction-sections -pipe    -c /lcrc/project/CMRP/pacc/OneDMin/build/CMakeFiles/CMakeTmp/testFortranCompiler.f -o CMakeFiles/cmTC_fa131.dir/testFortranCompiler.f.o
Linking Fortran executable cmTC_fa131
/blues/gpfs/home/kmoore/miniconda/envs/pacc-env-mini/bin/cmake -E cmake_link_script CMakeFiles/cmTC_fa131.dir/link.txt --verbose=1
/home/kmoore/miniconda/envs/pacc-env-mini/bin/x86_64-conda_cos6-linux-gnu-gfortran  -Wl,-O2 -Wl,--sort-common -Wl,--as-needed -Wl,-z,relro -Wl,-z,now -Wl,--disable-new-dtags -Wl,--gc-sections  -fopenmp -march=nocona -mtune=haswell -ftree-vectorize -fPIC -fstack-protector-strong -fno-plt -O2 -ffunction-sections -pipe  CMakeFiles/cmTC_fa131.dir/testFortranCompiler.f.o  -o cmTC_fa131  -L/blues/gpfs/home/kmoore/miniconda/envs/pacc-env-mini/lib -Wl,-rpath,/blues/gpfs/home/kmoore/miniconda/envs/pacc-env-mini/lib -lblas 
gmake[1]: Leaving directory `/lcrc/project/CMRP/pacc/OneDMin/build/CMakeFiles/CMakeTmp'


Determining if the Fortran cheev exists passed with the following output:
Change Dir: /lcrc/project/CMRP/pacc/OneDMin/build/CMakeFiles/CMakeTmp

Run Build Command(s):/usr/bin/gmake cmTC_e424c/fast 
/usr/bin/gmake -f CMakeFiles/cmTC_e424c.dir/build.make CMakeFiles/cmTC_e424c.dir/build
gmake[1]: Entering directory `/lcrc/project/CMRP/pacc/OneDMin/build/CMakeFiles/CMakeTmp'
Building Fortran object CMakeFiles/cmTC_e424c.dir/testFortranCompiler.f.o
/home/kmoore/miniconda/envs/pacc-env-mini/bin/x86_64-conda_cos6-linux-gnu-gfortran   -fopenmp -march=nocona -mtune=haswell -ftree-vectorize -fPIC -fstack-protector-strong -fno-plt -O2 -ffunction-sections -pipe    -c /lcrc/project/CMRP/pacc/OneDMin/build/CMakeFiles/CMakeTmp/testFortranCompiler.f -o CMakeFiles/cmTC_e424c.dir/testFortranCompiler.f.o
Linking Fortran executable cmTC_e424c
/blues/gpfs/home/kmoore/miniconda/envs/pacc-env-mini/bin/cmake -E cmake_link_script CMakeFiles/cmTC_e424c.dir/link.txt --verbose=1
/home/kmoore/miniconda/envs/pacc-env-mini/bin/x86_64-conda_cos6-linux-gnu-gfortran  -Wl,-O2 -Wl,--sort-common -Wl,--as-needed -Wl,-z,relro -Wl,-z,now -Wl,--disable-new-dtags -Wl,--gc-sections  -fopenmp -march=nocona -mtune=haswell -ftree-vectorize -fPIC -fstack-protector-strong -fno-plt -O2 -ffunction-sections -pipe  CMakeFiles/cmTC_e424c.dir/testFortranCompiler.f.o  -o cmTC_e424c  -L/blues/gpfs/home/kmoore/miniconda/envs/pacc-env-mini/lib -Wl,-rpath,/blues/gpfs/home/kmoore/miniconda/envs/pacc-env-mini/lib -llapack -lblas 
gmake[1]: Leaving directory `/lcrc/project/CMRP/pacc/OneDMin/build/CMakeFiles/CMakeTmp'


